c:\users\user\documents\졸업 작품\소스\graduationproject v3.0\graduationproject v3.0\debug\vc141.pdb
c:\users\user\documents\졸업 작품\소스\graduationproject v3.0\graduationproject v3.0\debug\vc141.idb
c:\users\user\documents\졸업 작품\소스\graduationproject v3.0\graduationproject v3.0\debug\polyclass.obj
c:\users\user\documents\졸업 작품\소스\graduationproject v3.0\graduationproject v3.0\debug\pointlightshaderclass.obj
c:\users\user\documents\졸업 작품\소스\graduationproject v3.0\graduationproject v3.0\debug\pointlightclass.obj
c:\users\user\documents\졸업 작품\소스\graduationproject v3.0\graduationproject v3.0\debug\objclass.obj
c:\users\user\documents\졸업 작품\소스\graduationproject v3.0\graduationproject v3.0\debug\modelclass.obj
c:\users\user\documents\졸업 작품\소스\graduationproject v3.0\graduationproject v3.0\debug\md5modelclass.obj
c:\users\user\documents\졸업 작품\소스\graduationproject v3.0\graduationproject v3.0\debug\main.obj
c:\users\user\documents\졸업 작품\소스\graduationproject v3.0\graduationproject v3.0\debug\lightshaderclass.obj
c:\users\user\documents\졸업 작품\소스\graduationproject v3.0\graduationproject v3.0\debug\lightclass.obj
c:\users\user\documents\졸업 작품\소스\graduationproject v3.0\graduationproject v3.0\debug\inputclass.obj
c:\users\user\documents\졸업 작품\소스\graduationproject v3.0\graduationproject v3.0\debug\graphicsclass.obj
c:\users\user\documents\졸업 작품\소스\graduationproject v3.0\graduationproject v3.0\debug\fpsclass.obj
c:\users\user\documents\졸업 작품\소스\graduationproject v3.0\graduationproject v3.0\debug\fontshaderclass.obj
c:\users\user\documents\졸업 작품\소스\graduationproject v3.0\graduationproject v3.0\debug\fontclass.obj
c:\users\user\documents\졸업 작품\소스\graduationproject v3.0\graduationproject v3.0\debug\fireshaderclass.obj
c:\users\user\documents\졸업 작품\소스\graduationproject v3.0\graduationproject v3.0\debug\d3dclass.obj
c:\users\user\documents\졸업 작품\소스\graduationproject v3.0\graduationproject v3.0\debug\cpuclass.obj
c:\users\user\documents\졸업 작품\소스\graduationproject v3.0\graduationproject v3.0\debug\cameraclass.obj
c:\users\user\documents\졸업 작품\소스\graduationproject v3.0\graduationproject v3.0\debug\bumpmodelclass.obj
c:\users\user\documents\졸업 작품\소스\graduationproject v3.0\graduationproject v3.0\debug\bumpmapshaderclass.obj
c:\users\user\documents\졸업 작품\소스\graduationproject v3.0\graduationproject v3.0\debug\timerclass.obj
c:\users\user\documents\졸업 작품\소스\graduationproject v3.0\graduationproject v3.0\debug\textureshaderclass.obj
c:\users\user\documents\졸업 작품\소스\graduationproject v3.0\graduationproject v3.0\debug\textureclass.obj
c:\users\user\documents\졸업 작품\소스\graduationproject v3.0\graduationproject v3.0\debug\textclass.obj
c:\users\user\documents\졸업 작품\소스\graduationproject v3.0\graduationproject v3.0\debug\systemclass.obj
c:\users\user\documents\졸업 작품\소스\graduationproject v3.0\graduationproject v3.0\debug\soundclass.obj
c:\users\user\documents\졸업 작품\소스\graduationproject v3.0\graduationproject v3.0\debug\skyboxclass.obj
c:\users\user\documents\졸업 작품\소스\graduationproject v3.0\graduationproject v3.0\debug\shadermanagerclass.obj
c:\users\user\documents\졸업 작품\소스\graduationproject v3.0\graduationproject v3.0\debug\screensizeclass.obj
c:\users\user\documents\졸업 작품\소스\graduationproject v3.0\graduationproject v3.0\debug\raycastingclass.obj
c:\users\user\documents\졸업 작품\소스\graduationproject v3.0\debug\skymapshader.cso
c:\users\user\documents\졸업 작품\소스\graduationproject v3.0\debug\graduationproject v3.0.ilk
c:\users\user\documents\졸업 작품\소스\graduationproject v3.0\debug\graduationproject v3.0.exe
c:\users\user\documents\졸업 작품\소스\graduationproject v3.0\debug\graduationproject v3.0.pdb
c:\users\user\documents\졸업 작품\소스\graduationproject v3.0\graduationproject v3.0\debug\graduati.a4cab028.tlog\cl.command.1.tlog
c:\users\user\documents\졸업 작품\소스\graduationproject v3.0\graduationproject v3.0\debug\graduati.a4cab028.tlog\cl.read.1.tlog
c:\users\user\documents\졸업 작품\소스\graduationproject v3.0\graduationproject v3.0\debug\graduati.a4cab028.tlog\cl.write.1.tlog
c:\users\user\documents\졸업 작품\소스\graduationproject v3.0\graduationproject v3.0\debug\graduati.a4cab028.tlog\fxc.command.1.tlog
c:\users\user\documents\졸업 작품\소스\graduationproject v3.0\graduationproject v3.0\debug\graduati.a4cab028.tlog\fxc.read.1.tlog
c:\users\user\documents\졸업 작품\소스\graduationproject v3.0\graduationproject v3.0\debug\graduati.a4cab028.tlog\fxc.write.1.tlog
c:\users\user\documents\졸업 작품\소스\graduationproject v3.0\graduationproject v3.0\debug\graduati.a4cab028.tlog\link.command.1.tlog
c:\users\user\documents\졸업 작품\소스\graduationproject v3.0\graduationproject v3.0\debug\graduati.a4cab028.tlog\link.read.1.tlog
c:\users\user\documents\졸업 작품\소스\graduationproject v3.0\graduationproject v3.0\debug\graduati.a4cab028.tlog\link.write.1.tlog
